
  You can now view your Streamlit app in your browser.

  Local URL: http://localhost:8501
  Network URL: http://192.168.0.187:8501

  For better performance, install the Watchdog module:

  $ xcode-select --install
  $ pip install watchdog
            
Candidate LogisticRegression params={'C': 0.01, 'class_weight': None} best_t=0.14 mets={'accuracy': 0.9585201793721974, 'precision': 0.900990099009901, 'recall': 0.7711864406779662, 'f1': 0.8310502283105023} meets=False
Candidate LogisticRegression params={'C': 0.1, 'class_weight': None} best_t=0.14 mets={'accuracy': 0.9125560538116592, 'precision': 0.6086956521739131, 'recall': 0.9491525423728814, 'f1': 0.7417218543046357} meets=True
Candidate LogisticRegression params={'C': 1.0, 'class_weight': None} best_t=0.1 mets={'accuracy': 0.905829596412556, 'precision': 0.5876288659793815, 'recall': 0.9661016949152542, 'f1': 0.7307692307692308} meets=True
Candidate LogisticRegression params={'C': 10.0, 'class_weight': None} best_t=0.05 mets={'accuracy': 0.9237668161434978, 'precision': 0.6436781609195402, 'recall': 0.9491525423728814, 'f1': 0.7671232876712328} meets=True
Candidate RandomForestClassifier params={'class_weight': None, 'max_depth': 5, 'n_estimators': 100} best_t=0.13 mets={'accuracy': 0.9461883408071748, 'precision': 0.7302631578947368, 'recall': 0.940677966101695, 'f1': 0.8222222222222222} meets=True
Candidate RandomForestClassifier params={'class_weight': None, 'max_depth': 5, 'n_estimators': 200} best_t=0.13 mets={'accuracy': 0.9473094170403588, 'precision': 0.738255033557047, 'recall': 0.9322033898305084, 'f1': 0.8239700374531835} meets=True
Candidate RandomForestClassifier params={'class_weight': None, 'max_depth': 10, 'n_estimators': 100} best_t=0.12 mets={'accuracy': 0.9181614349775785, 'precision': 0.6285714285714286, 'recall': 0.9322033898305084, 'f1': 0.7508532423208192} meets=True
Candidate RandomForestClassifier params={'class_weight': None, 'max_depth': 10, 'n_estimators': 200} best_t=0.12 mets={'accuracy': 0.9304932735426009, 'precision': 0.6686746987951807, 'recall': 0.940677966101695, 'f1': 0.7816901408450704} meets=True
Candidate RandomForestClassifier params={'class_weight': None, 'max_depth': None, 'n_estimators': 100} best_t=0.07 mets={'accuracy': 0.9024663677130045, 'precision': 0.5786802030456852, 'recall': 0.9661016949152542, 'f1': 0.7238095238095238} meets=True
Candidate RandomForestClassifier params={'class_weight': None, 'max_depth': None, 'n_estimators': 200} best_t=0.07 mets={'accuracy': 0.9114349775784754, 'precision': 0.6031746031746031, 'recall': 0.9661016949152542, 'f1': 0.742671009771987} meets=True
Candidate LogisticRegression params={'C': 0.01, 'class_weight': 'balanced'} best_t=0.49 mets={'accuracy': 0.9439461883408071, 'precision': 0.7266666666666667, 'recall': 0.923728813559322, 'f1': 0.8134328358208954} meets=True
Candidate LogisticRegression params={'C': 0.1, 'class_weight': 'balanced'} best_t=0.41 mets={'accuracy': 0.9147982062780269, 'precision': 0.6153846153846154, 'recall': 0.9491525423728814, 'f1': 0.7466666666666667} meets=True
Candidate LogisticRegression params={'C': 1.0, 'class_weight': 'balanced'} best_t=0.24 mets={'accuracy': 0.9013452914798207, 'precision': 0.5773195876288659, 'recall': 0.9491525423728814, 'f1': 0.717948717948718} meets=True
Candidate LogisticRegression params={'C': 10.0, 'class_weight': 'balanced'} best_t=0.09 mets={'accuracy': 0.9047085201793722, 'precision': 0.5863874345549738, 'recall': 0.9491525423728814, 'f1': 0.7249190938511327} meets=True
Candidate RandomForestClassifier params={'class_weight': 'balanced', 'max_depth': 5, 'n_estimators': 100} best_t=0.44 mets={'accuracy': 0.9047085201793722, 'precision': 0.5854922279792746, 'recall': 0.9576271186440678, 'f1': 0.7266881028938906} meets=True
Candidate RandomForestClassifier params={'class_weight': 'balanced', 'max_depth': 5, 'n_estimators': 200} best_t=0.44 mets={'accuracy': 0.9136771300448431, 'precision': 0.6145251396648045, 'recall': 0.9322033898305084, 'f1': 0.7407407407407407} meets=True
Candidate RandomForestClassifier params={'class_weight': 'balanced', 'max_depth': 10, 'n_estimators': 100} best_t=0.38 mets={'accuracy': 0.9192825112107623, 'precision': 0.6277777777777778, 'recall': 0.9576271186440678, 'f1': 0.7583892617449663} meets=True
Candidate RandomForestClassifier params={'class_weight': 'balanced', 'max_depth': 10, 'n_estimators': 200} best_t=0.39 mets={'accuracy': 0.9316143497757847, 'precision': 0.6748466257668712, 'recall': 0.9322033898305084, 'f1': 0.7829181494661921} meets=True
Candidate RandomForestClassifier params={'class_weight': 'balanced', 'max_depth': None, 'n_estimators': 100} best_t=0.09 mets={'accuracy': 0.9181614349775785, 'precision': 0.6216216216216216, 'recall': 0.9745762711864406, 'f1': 0.7590759075907589} meets=True
Candidate RandomForestClassifier params={'class_weight': 'balanced', 'max_depth': None, 'n_estimators': 200} best_t=0.08 mets={'accuracy': 0.9091928251121076, 'precision': 0.5948717948717949, 'recall': 0.9830508474576272, 'f1': 0.7412140575079872} meets=True
Candidate LogisticRegression params={'C': 0.01, 'class_weight': {'spam': 1.0, 'ham': 1.0}} best_t=0.14 mets={'accuracy': 0.9585201793721974, 'precision': 0.900990099009901, 'recall': 0.7711864406779662, 'f1': 0.8310502283105023} meets=False
Candidate LogisticRegression params={'C': 0.1, 'class_weight': {'spam': 1.0, 'ham': 1.0}} best_t=0.14 mets={'accuracy': 0.9125560538116592, 'precision': 0.6086956521739131, 'recall': 0.9491525423728814, 'f1': 0.7417218543046357} meets=True
Candidate LogisticRegression params={'C': 1.0, 'class_weight': {'spam': 1.0, 'ham': 1.0}} best_t=0.1 mets={'accuracy': 0.905829596412556, 'precision': 0.5876288659793815, 'recall': 0.9661016949152542, 'f1': 0.7307692307692308} meets=True
Candidate LogisticRegression params={'C': 10.0, 'class_weight': {'spam': 1.0, 'ham': 1.0}} best_t=0.05 mets={'accuracy': 0.9237668161434978, 'precision': 0.6436781609195402, 'recall': 0.9491525423728814, 'f1': 0.7671232876712328} meets=True
Candidate RandomForestClassifier params={'class_weight': {'spam': 1.0, 'ham': 1.0}, 'max_depth': 5, 'n_estimators': 100} best_t=0.13 mets={'accuracy': 0.9461883408071748, 'precision': 0.7302631578947368, 'recall': 0.940677966101695, 'f1': 0.8222222222222222} meets=True
Candidate RandomForestClassifier params={'class_weight': {'spam': 1.0, 'ham': 1.0}, 'max_depth': 5, 'n_estimators': 200} best_t=0.13 mets={'accuracy': 0.9473094170403588, 'precision': 0.738255033557047, 'recall': 0.9322033898305084, 'f1': 0.8239700374531835} meets=True
Candidate RandomForestClassifier params={'class_weight': {'spam': 1.0, 'ham': 1.0}, 'max_depth': 10, 'n_estimators': 100} best_t=0.12 mets={'accuracy': 0.9181614349775785, 'precision': 0.6285714285714286, 'recall': 0.9322033898305084, 'f1': 0.7508532423208192} meets=True
Candidate RandomForestClassifier params={'class_weight': {'spam': 1.0, 'ham': 1.0}, 'max_depth': 10, 'n_estimators': 200} best_t=0.12 mets={'accuracy': 0.9304932735426009, 'precision': 0.6686746987951807, 'recall': 0.940677966101695, 'f1': 0.7816901408450704} meets=True
Candidate RandomForestClassifier params={'class_weight': {'spam': 1.0, 'ham': 1.0}, 'max_depth': None, 'n_estimators': 100} best_t=0.07 mets={'accuracy': 0.9024663677130045, 'precision': 0.5786802030456852, 'recall': 0.9661016949152542, 'f1': 0.7238095238095238} meets=True
Candidate RandomForestClassifier params={'class_weight': {'spam': 1.0, 'ham': 1.0}, 'max_depth': None, 'n_estimators': 200} best_t=0.07 mets={'accuracy': 0.9114349775784754, 'precision': 0.6031746031746031, 'recall': 0.9661016949152542, 'f1': 0.742671009771987} meets=True
Candidate LogisticRegression params={'C': 0.01, 'class_weight': {'spam': 1.5, 'ham': 1.0}} best_t=0.19 mets={'accuracy': 0.945067264573991, 'precision': 0.7315436241610739, 'recall': 0.923728813559322, 'f1': 0.8164794007490637} meets=True
Candidate LogisticRegression params={'C': 0.1, 'class_weight': {'spam': 1.5, 'ham': 1.0}} best_t=0.19 mets={'accuracy': 0.9260089686098655, 'precision': 0.6529411764705882, 'recall': 0.940677966101695, 'f1': 0.7708333333333335} meets=True
Candidate LogisticRegression params={'C': 1.0, 'class_weight': {'spam': 1.5, 'ham': 1.0}} best_t=0.12 mets={'accuracy': 0.9091928251121076, 'precision': 0.5989304812834224, 'recall': 0.9491525423728814, 'f1': 0.7344262295081967} meets=True
Candidate LogisticRegression params={'C': 10.0, 'class_weight': {'spam': 1.5, 'ham': 1.0}} best_t=0.05 mets={'accuracy': 0.9091928251121076, 'precision': 0.5989304812834224, 'recall': 0.9491525423728814, 'f1': 0.7344262295081967} meets=True
Candidate RandomForestClassifier params={'class_weight': {'spam': 1.5, 'ham': 1.0}, 'max_depth': 5, 'n_estimators': 100} best_t=0.17 mets={'accuracy': 0.9103139013452914, 'precision': 0.601063829787234, 'recall': 0.9576271186440678, 'f1': 0.7385620915032679} meets=True
Candidate RandomForestClassifier params={'class_weight': {'spam': 1.5, 'ham': 1.0}, 'max_depth': 5, 'n_estimators': 200} best_t=0.17 mets={'accuracy': 0.92152466367713, 'precision': 0.6333333333333333, 'recall': 0.9661016949152542, 'f1': 0.7651006711409396} meets=True
Candidate RandomForestClassifier params={'class_weight': {'spam': 1.5, 'ham': 1.0}, 'max_depth': 10, 'n_estimators': 100} best_t=0.15 mets={'accuracy': 0.9069506726457399, 'precision': 0.5916230366492147, 'recall': 0.9576271186440678, 'f1': 0.7313915857605179} meets=True
Candidate RandomForestClassifier params={'class_weight': {'spam': 1.5, 'ham': 1.0}, 'max_depth': 10, 'n_estimators': 200} best_t=0.16 mets={'accuracy': 0.9248878923766816, 'precision': 0.6473988439306358, 'recall': 0.9491525423728814, 'f1': 0.7697594501718213} meets=True
Candidate RandomForestClassifier params={'class_weight': {'spam': 1.5, 'ham': 1.0}, 'max_depth': None, 'n_estimators': 100} best_t=0.08 mets={'accuracy': 0.905829596412556, 'precision': 0.5867346938775511, 'recall': 0.9745762711864406, 'f1': 0.7324840764331211} meets=True
Candidate RandomForestClassifier params={'class_weight': {'spam': 1.5, 'ham': 1.0}, 'max_depth': None, 'n_estimators': 200} best_t=0.07 mets={'accuracy': 0.9035874439461884, 'precision': 0.5808080808080808, 'recall': 0.9745762711864406, 'f1': 0.7278481012658228} meets=True
Candidate LogisticRegression params={'C': 0.01, 'class_weight': {'spam': 2.0, 'ham': 1.0}} best_t=0.24 mets={'accuracy': 0.9573991031390134, 'precision': 0.7985074626865671, 'recall': 0.9067796610169492, 'f1': 0.8492063492063493} meets=True
Candidate LogisticRegression params={'C': 0.1, 'class_weight': {'spam': 2.0, 'ham': 1.0}} best_t=0.22 mets={'accuracy': 0.9114349775784754, 'precision': 0.6054054054054054, 'recall': 0.9491525423728814, 'f1': 0.7392739273927393} meets=True
Candidate LogisticRegression params={'C': 1.0, 'class_weight': {'spam': 2.0, 'ham': 1.0}} best_t=0.13 mets={'accuracy': 0.9024663677130045, 'precision': 0.5786802030456852, 'recall': 0.9661016949152542, 'f1': 0.7238095238095238} meets=True
Candidate LogisticRegression params={'C': 10.0, 'class_weight': {'spam': 2.0, 'ham': 1.0}} best_t=0.05 mets={'accuracy': 0.9002242152466368, 'precision': 0.5736040609137056, 'recall': 0.9576271186440678, 'f1': 0.7174603174603175} meets=True
Candidate RandomForestClassifier params={'class_weight': {'spam': 2.0, 'ham': 1.0}, 'max_depth': 5, 'n_estimators': 100} best_t=0.21 mets={'accuracy': 0.92152466367713, 'precision': 0.6348314606741573, 'recall': 0.9576271186440678, 'f1': 0.7635135135135135} meets=True
Candidate RandomForestClassifier params={'class_weight': {'spam': 2.0, 'ham': 1.0}, 'max_depth': 5, 'n_estimators': 200} best_t=0.21 mets={'accuracy': 0.9192825112107623, 'precision': 0.6277777777777778, 'recall': 0.9576271186440678, 'f1': 0.7583892617449663} meets=True
Candidate RandomForestClassifier params={'class_weight': {'spam': 2.0, 'ham': 1.0}, 'max_depth': 10, 'n_estimators': 100} best_t=0.19 mets={'accuracy': 0.922645739910314, 'precision': 0.6384180790960452, 'recall': 0.9576271186440678, 'f1': 0.7661016949152544} meets=True
Candidate RandomForestClassifier params={'class_weight': {'spam': 2.0, 'ham': 1.0}, 'max_depth': 10, 'n_estimators': 200} best_t=0.19 mets={'accuracy': 0.9103139013452914, 'precision': 0.6021505376344086, 'recall': 0.9491525423728814, 'f1': 0.7368421052631579} meets=True
Candidate RandomForestClassifier params={'class_weight': {'spam': 2.0, 'ham': 1.0}, 'max_depth': None, 'n_estimators': 100} best_t=0.08 mets={'accuracy': 0.9035874439461884, 'precision': 0.5816326530612245, 'recall': 0.9661016949152542, 'f1': 0.7261146496815286} meets=True
Candidate RandomForestClassifier params={'class_weight': {'spam': 2.0, 'ham': 1.0}, 'max_depth': None, 'n_estimators': 200} best_t=0.08 mets={'accuracy': 0.9103139013452914, 'precision': 0.6, 'recall': 0.9661016949152542, 'f1': 0.7402597402597403} meets=True
Candidate LogisticRegression params={'C': 0.01, 'class_weight': {'spam': 3.0, 'ham': 1.0}} best_t=0.31 mets={'accuracy': 0.9260089686098655, 'precision': 0.6529411764705882, 'recall': 0.940677966101695, 'f1': 0.7708333333333335} meets=True
Candidate LogisticRegression params={'C': 0.1, 'class_weight': {'spam': 3.0, 'ham': 1.0}} best_t=0.27 mets={'accuracy': 0.9103139013452914, 'precision': 0.601063829787234, 'recall': 0.9576271186440678, 'f1': 0.7385620915032679} meets=True
Candidate LogisticRegression params={'C': 1.0, 'class_weight': {'spam': 3.0, 'ham': 1.0}} best_t=0.16 mets={'accuracy': 0.9091928251121076, 'precision': 0.5989304812834224, 'recall': 0.9491525423728814, 'f1': 0.7344262295081967} meets=True
Candidate LogisticRegression params={'C': 10.0, 'class_weight': {'spam': 3.0, 'ham': 1.0}} best_t=0.06 mets={'accuracy': 0.9103139013452914, 'precision': 0.6021505376344086, 'recall': 0.9491525423728814, 'f1': 0.7368421052631579} meets=True
Candidate RandomForestClassifier params={'class_weight': {'spam': 3.0, 'ham': 1.0}, 'max_depth': 5, 'n_estimators': 100} best_t=0.28 mets={'accuracy': 0.922645739910314, 'precision': 0.6353591160220995, 'recall': 0.9745762711864406, 'f1': 0.7692307692307694} meets=True
Candidate RandomForestClassifier params={'class_weight': {'spam': 3.0, 'ham': 1.0}, 'max_depth': 5, 'n_estimators': 200} best_t=0.28 mets={'accuracy': 0.9304932735426009, 'precision': 0.6686746987951807, 'recall': 0.940677966101695, 'f1': 0.7816901408450704} meets=True
Candidate RandomForestClassifier params={'class_weight': {'spam': 3.0, 'ham': 1.0}, 'max_depth': 10, 'n_estimators': 100} best_t=0.25 mets={'accuracy': 0.9260089686098655, 'precision': 0.6511627906976745, 'recall': 0.9491525423728814, 'f1': 0.7724137931034484} meets=True
Candidate RandomForestClassifier params={'class_weight': {'spam': 3.0, 'ham': 1.0}, 'max_depth': 10, 'n_estimators': 200} best_t=0.24 mets={'accuracy': 0.9024663677130045, 'precision': 0.5794871794871795, 'recall': 0.9576271186440678, 'f1': 0.7220447284345048} meets=True
Candidate RandomForestClassifier params={'class_weight': {'spam': 3.0, 'ham': 1.0}, 'max_depth': None, 'n_estimators': 100} best_t=0.08 mets={'accuracy': 0.9047085201793722, 'precision': 0.5829145728643216, 'recall': 0.9830508474576272, 'f1': 0.7318611987381705} meets=True
Candidate RandomForestClassifier params={'class_weight': {'spam': 3.0, 'ham': 1.0}, 'max_depth': None, 'n_estimators': 200} best_t=0.08 mets={'accuracy': 0.9114349775784754, 'precision': 0.6020942408376964, 'recall': 0.9745762711864406, 'f1': 0.7443365695792881} meets=True
Candidate LogisticRegression params={'C': 0.01, 'class_weight': {'spam': 5.0, 'ham': 1.0}} best_t=0.42 mets={'accuracy': 0.9405829596412556, 'precision': 0.7070063694267515, 'recall': 0.940677966101695, 'f1': 0.8072727272727273} meets=True
Candidate LogisticRegression params={'C': 0.1, 'class_weight': {'spam': 5.0, 'ham': 1.0}} best_t=0.33 mets={'accuracy': 0.9002242152466368, 'precision': 0.5736040609137056, 'recall': 0.9576271186440678, 'f1': 0.7174603174603175} meets=True
Candidate LogisticRegression params={'C': 1.0, 'class_weight': {'spam': 5.0, 'ham': 1.0}} best_t=0.19 mets={'accuracy': 0.9080717488789237, 'precision': 0.5957446808510638, 'recall': 0.9491525423728814, 'f1': 0.7320261437908496} meets=True
Candidate LogisticRegression params={'C': 10.0, 'class_weight': {'spam': 5.0, 'ham': 1.0}} best_t=0.07 mets={'accuracy': 0.9136771300448431, 'precision': 0.6120218579234973, 'recall': 0.9491525423728814, 'f1': 0.744186046511628} meets=True
